<?xml version="1.0" encoding="UTF-8"?>
<testsuite xmlns:xsi="http://www.w3.org/2001/XMLSchema-instance" xsi:noNamespaceSchemaLocation="https://maven.apache.org/surefire/maven-surefire-plugin/xsd/surefire-test-report-3.0.xsd" version="3.0" name="com.itheima.sh.test.UserManagerTest" time="0.031" tests="1" errors="0" skipped="0" failures="0">
  <properties>
    <property name="java.specification.version" value="17"/>
    <property name="sun.cpu.isalist" value="amd64"/>
    <property name="sun.jnu.encoding" value="GBK"/>
    <property name="java.class.path" value="D:\BaiduNetdiskDownload\04阶段-javaweb课件\day06-Request+Response\02_代码\授课素材\后端项目\day06_maven-usermanager\target\test-classes;D:\BaiduNetdiskDownload\04阶段-javaweb课件\day06-Request+Response\02_代码\授课素材\后端项目\day06_maven-usermanager\target\classes;D:\maven\apache-maven-3.9.9-bin\apache-maven-3.9.9\repository\junit\junit\4.13\junit-4.13.jar;D:\maven\apache-maven-3.9.9-bin\apache-maven-3.9.9\repository\org\hamcrest\hamcrest-core\1.3\hamcrest-core-1.3.jar;D:\maven\apache-maven-3.9.9-bin\apache-maven-3.9.9\repository\org\mybatis\mybatis\3.5.0\mybatis-3.5.0.jar;D:\maven\apache-maven-3.9.9-bin\apache-maven-3.9.9\repository\org\slf4j\slf4j-api\1.7.26\slf4j-api-1.7.26.jar;D:\maven\apache-maven-3.9.9-bin\apache-maven-3.9.9\repository\ch\qos\logback\logback-core\1.2.3\logback-core-1.2.3.jar;D:\maven\apache-maven-3.9.9-bin\apache-maven-3.9.9\repository\ch\qos\logback\logback-classic\1.2.3\logback-classic-1.2.3.jar;D:\maven\apache-maven-3.9.9-bin\apache-maven-3.9.9\repository\com\mysql\mysql-connector-j\8.3.0\mysql-connector-j-8.3.0.jar;D:\maven\apache-maven-3.9.9-bin\apache-maven-3.9.9\repository\com\google\protobuf\protobuf-java\3.25.1\protobuf-java-3.25.1.jar;D:\maven\apache-maven-3.9.9-bin\apache-maven-3.9.9\repository\jakarta\servlet\jakarta.servlet-api\6.0.0\jakarta.servlet-api-6.0.0.jar;"/>
    <property name="java.vm.vendor" value="Oracle Corporation"/>
    <property name="sun.arch.data.model" value="64"/>
    <property name="user.variant" value=""/>
    <property name="java.vendor.url" value="https://java.oracle.com/"/>
    <property name="user.timezone" value="Asia/Shanghai"/>
    <property name="os.name" value="Windows 10"/>
    <property name="java.vm.specification.version" value="17"/>
    <property name="sun.java.launcher" value="SUN_STANDARD"/>
    <property name="user.country" value="CN"/>
    <property name="sun.boot.library.path" value="D:\java-project\develop\java\jdk-17\bin"/>
    <property name="sun.java.command" value="C:\Users\Lenovo\AppData\Local\Temp\surefire3707683091311267037\surefirebooter-20240914005757892_3.jar C:\Users\Lenovo\AppData\Local\Temp\surefire3707683091311267037 2024-09-14T00-57-57_783-jvmRun1 surefire-20240914005757892_1tmp surefire_0-20240914005757892_2tmp"/>
    <property name="jdk.debug" value="release"/>
    <property name="surefire.test.class.path" value="D:\BaiduNetdiskDownload\04阶段-javaweb课件\day06-Request+Response\02_代码\授课素材\后端项目\day06_maven-usermanager\target\test-classes;D:\BaiduNetdiskDownload\04阶段-javaweb课件\day06-Request+Response\02_代码\授课素材\后端项目\day06_maven-usermanager\target\classes;D:\maven\apache-maven-3.9.9-bin\apache-maven-3.9.9\repository\junit\junit\4.13\junit-4.13.jar;D:\maven\apache-maven-3.9.9-bin\apache-maven-3.9.9\repository\org\hamcrest\hamcrest-core\1.3\hamcrest-core-1.3.jar;D:\maven\apache-maven-3.9.9-bin\apache-maven-3.9.9\repository\org\mybatis\mybatis\3.5.0\mybatis-3.5.0.jar;D:\maven\apache-maven-3.9.9-bin\apache-maven-3.9.9\repository\org\slf4j\slf4j-api\1.7.26\slf4j-api-1.7.26.jar;D:\maven\apache-maven-3.9.9-bin\apache-maven-3.9.9\repository\ch\qos\logback\logback-core\1.2.3\logback-core-1.2.3.jar;D:\maven\apache-maven-3.9.9-bin\apache-maven-3.9.9\repository\ch\qos\logback\logback-classic\1.2.3\logback-classic-1.2.3.jar;D:\maven\apache-maven-3.9.9-bin\apache-maven-3.9.9\repository\com\mysql\mysql-connector-j\8.3.0\mysql-connector-j-8.3.0.jar;D:\maven\apache-maven-3.9.9-bin\apache-maven-3.9.9\repository\com\google\protobuf\protobuf-java\3.25.1\protobuf-java-3.25.1.jar;D:\maven\apache-maven-3.9.9-bin\apache-maven-3.9.9\repository\jakarta\servlet\jakarta.servlet-api\6.0.0\jakarta.servlet-api-6.0.0.jar;"/>
    <property name="sun.cpu.endian" value="little"/>
    <property name="user.home" value="C:\Users\Lenovo"/>
    <property name="user.language" value="zh"/>
    <property name="java.specification.vendor" value="Oracle Corporation"/>
    <property name="java.version.date" value="2021-09-14"/>
    <property name="java.home" value="D:\java-project\develop\java\jdk-17"/>
    <property name="file.separator" value="\"/>
    <property name="basedir" value="D:\BaiduNetdiskDownload\04阶段-javaweb课件\day06-Request+Response\02_代码\授课素材\后端项目\day06_maven-usermanager"/>
    <property name="java.vm.compressedOopsMode" value="Zero based"/>
    <property name="line.separator" value="&#10;"/>
    <property name="java.vm.specification.vendor" value="Oracle Corporation"/>
    <property name="java.specification.name" value="Java Platform API Specification"/>
    <property name="surefire.real.class.path" value="C:\Users\Lenovo\AppData\Local\Temp\surefire3707683091311267037\surefirebooter-20240914005757892_3.jar"/>
    <property name="user.script" value=""/>
    <property name="sun.management.compiler" value="HotSpot 64-Bit Tiered Compilers"/>
    <property name="java.runtime.version" value="17+35-LTS-2724"/>
    <property name="user.name" value="Lenovo"/>
    <property name="path.separator" value=";"/>
    <property name="os.version" value="10.0"/>
    <property name="java.runtime.name" value="Java(TM) SE Runtime Environment"/>
    <property name="file.encoding" value="GBK"/>
    <property name="java.vm.name" value="Java HotSpot(TM) 64-Bit Server VM"/>
    <property name="localRepository" value="D:\maven\apache-maven-3.9.9-bin\apache-maven-3.9.9\repository"/>
    <property name="java.vendor.url.bug" value="https://bugreport.java.com/bugreport/"/>
    <property name="java.io.tmpdir" value="C:\Users\Lenovo\AppData\Local\Temp\"/>
    <property name="idea.version" value="2021.1.1"/>
    <property name="java.version" value="17"/>
    <property name="user.dir" value="D:\BaiduNetdiskDownload\04阶段-javaweb课件\day06-Request+Response\02_代码\授课素材\后端项目\day06_maven-usermanager"/>
    <property name="os.arch" value="amd64"/>
    <property name="java.vm.specification.name" value="Java Virtual Machine Specification"/>
    <property name="sun.os.patch.level" value=""/>
    <property name="native.encoding" value="GBK"/>
    <property name="java.library.path" value="D:\java-project\develop\java\jdk-17\bin;C:\Windows\Sun\Java\bin;C:\Windows\system32;C:\Windows;D:\java-project\develop\java\jdk-17\bin;C:\Program Files (x86)\VMware\VMware Workstation\bin\;C:\Windows\system32;C:\Windows;C:\Windows\System32\Wbem;C:\Windows\System32\WindowsPowerShell\v1.0\;C:\Windows\System32\OpenSSH\;C:\Program Files (x86)\NVIDIA Corporation\PhysX\Common;C:\Program Files\NVIDIA Corporation\NVIDIA NvDLISR;D:\Git\cmd;D:\setup\WeChat;D:\python;C:\Program Files\Bandizip\;C:\Program Files\nodejs\;D:\python\Scripts\;D:\python\;C:\Users\Lenovo\AppData\Local\Programs\Python\Launcher\;C:\Users\Lenovo\AppData\Local\Microsoft\WindowsApps;D:\vsCode\Microsoft VS Code\bin;D:\PyCharm 2021.3.2\bin;;C:\Program Files\MySQL\MySQL Server 8.0\bin;D:\c\x86_64-8.1.0-release-win32-seh-rt_v6-rev0\mingw64\bin;D:\maven\apache-maven-3.9.9-bin\apache-maven-3.9.9\bin;C:\Users\Lenovo\AppData\Roaming\npm;."/>
    <property name="java.vm.info" value="mixed mode, sharing"/>
    <property name="java.vendor" value="Oracle Corporation"/>
    <property name="java.vm.version" value="17+35-LTS-2724"/>
    <property name="sun.io.unicode.encoding" value="UnicodeLittle"/>
    <property name="java.class.version" value="61.0"/>
  </properties>
  <testcase name="login" classname="com.itheima.sh.test.UserManagerTest" time="0.001"/>
</testsuite>